%!Adobe-FontList 1.13
%Locale:0x409

%BeginFont
Handler:DirectoryHandler
FontType:Type1
FontName:LydianBT-Bold
FamilyName:Lydian BT
StyleName:Bold
MenuName:Lydian BT
StyleBits:2
WeightClass:700
WidthClass:5
AngleClass:0
FullName:Lydian BT Bold
WritingScript:Roman
OutlineFileName:\LydiaBTBol
DataFormat:POSTResource
UsesStandardEncoding:yes
isCFF:no
FileLength:35611
FileModTime:922678499
DesignSize:-1
%EndFont

%BeginFont
Handler:DirectoryHandler
FontType:Suitcase
FontName:LydianBT-Roman
OutlineFileName:\Lydian Rm/Bd BT
ResourceID:15439
MacStyle:0
FileLength:150094
FileModTime:922343067
%EndFont

%BeginFont
Handler:DirectoryHandler
FontType:Suitcase
FontName:LydianBT-Bold
OutlineFileName:\Lydian Rm/Bd BT
ResourceID:15439
MacStyle:1
FileLength:150094
FileModTime:922343067
%EndFont

%BeginFont
Handler:DirectoryHandler
FontType:Suitcase
FontName:LydianBT-Italic
OutlineFileName:\Lydian Rm/Bd BT
ResourceID:15439
MacStyle:2
FileLength:150094
FileModTime:922343067
%EndFont

%BeginFont
Handler:DirectoryHandler
FontType:Suitcase
FontName:LydianBT-BoldItalic
OutlineFileName:\Lydian Rm/Bd BT
ResourceID:15439
MacStyle:3
FileLength:150094
FileModTime:922343067
%EndFont

%BeginFont
Handler:DirectoryHandler
FontType:Suitcase
FontName:LydianBT-Bold
OutlineFileName:\Lydian Rm/Bd BT
ResourceID:3571
MacStyle:0
FileLength:150094
FileModTime:922343067
%EndFont

%BeginFont
Handler:DirectoryHandler
FontType:Suitcase
FontName:LydianBT-Bold
OutlineFileName:\Lydian Rm/Bd BT
ResourceID:3571
MacStyle:1
FileLength:150094
FileModTime:922343067
%EndFont

%BeginFont
Handler:DirectoryHandler
FontType:Suitcase
FontName:LydianBT-BoldItalic
OutlineFileName:\Lydian Rm/Bd BT
ResourceID:3571
MacStyle:2
FileLength:150094
FileModTime:922343067
%EndFont

%BeginFont
Handler:DirectoryHandler
FontType:Suitcase
FontName:LydianBT-BoldItalic
OutlineFileName:\Lydian Rm/Bd BT
ResourceID:3571
MacStyle:3
FileLength:150094
FileModTime:922343067
%EndFont

%BeginFont
Handler:DirectoryHandler
FontType:Suitcase
FontName:LydianBT-Italic
OutlineFileName:\Lydian Rm/Bd BT
ResourceID:3570
MacStyle:0
FileLength:150094
FileModTime:922343067
%EndFont

%BeginFont
Handler:DirectoryHandler
FontType:Suitcase
FontName:LydianBT-BoldItalic
OutlineFileName:\Lydian Rm/Bd BT
ResourceID:3570
MacStyle:1
FileLength:150094
FileModTime:922343067
%EndFont

%BeginFont
Handler:DirectoryHandler
FontType:Suitcase
FontName:LydianBT-Italic
OutlineFileName:\Lydian Rm/Bd BT
ResourceID:3570
MacStyle:2
FileLength:150094
FileModTime:922343067
%EndFont

%BeginFont
Handler:DirectoryHandler
FontType:Suitcase
FontName:LydianBT-BoldItalic
OutlineFileName:\Lydian Rm/Bd BT
ResourceID:3570
MacStyle:3
FileLength:150094
FileModTime:922343067
%EndFont

%BeginFont
Handler:DirectoryHandler
FontType:Suitcase
FontName:LydianBT-BoldItalic
OutlineFileName:\Lydian Rm/Bd BT
ResourceID:3572
MacStyle:0
FileLength:150094
FileModTime:922343067
%EndFont

%BeginFont
Handler:DirectoryHandler
FontType:Suitcase
FontName:LydianBT-BoldItalic
OutlineFileName:\Lydian Rm/Bd BT
ResourceID:3572
MacStyle:1
FileLength:150094
FileModTime:922343067
%EndFont

%BeginFont
Handler:DirectoryHandler
FontType:Suitcase
FontName:LydianBT-BoldItalic
OutlineFileName:\Lydian Rm/Bd BT
ResourceID:3572
MacStyle:2
FileLength:150094
FileModTime:922343067
%EndFont

%BeginFont
Handler:DirectoryHandler
FontType:Suitcase
FontName:LydianBT-BoldItalic
OutlineFileName:\Lydian Rm/Bd BT
ResourceID:3572
MacStyle:3
FileLength:150094
FileModTime:922343067
%EndFont

%BeginFont
Handler:DirectoryHandler
FontType:Type1
FontName:MinionPro-Regular
FamilyName:Minion Pro
StyleName:Regular
MenuName:Minion Pro
StyleBits:0
WeightClass:400
WidthClass:5
AngleClass:0
FullName:Minion Pro
WritingScript:Roman
OutlineFileName:\MinionPro-Regular.otf
DataFormat:sfntData
UsesStandardEncoding:yes
isCFF:yes
FileLength:231312
FileModTime:1318339933
DesignSize:110
%EndFont

%BeginFont
Handler:DirectoryHandler
FontType:Type1
FontName:PlantinMTPro-Regular
FamilyName:Plantin MT Pro
StyleName:Regular
MenuName:Plantin MT Pro
StyleBits:0
WeightClass:400
WidthClass:5
AngleClass:0
FullName:Plantin MT Pro
WritingScript:Roman
OutlineFileName:\PlantinMTPro-Regular.otf
DataFormat:sfntData
UsesStandardEncoding:yes
isCFF:yes
FileLength:109504
FileModTime:1296463376
%EndFont

